Analysis & Synthesis report for VGA
Sat Apr 13 08:35:40 2024
Quartus Prime Version 20.1.1 Build 720 11/11/2020 SJ Lite Edition


---------------------
; Table of Contents ;
---------------------
  1. Legal Notice
  2. Analysis & Synthesis Summary
  3. Analysis & Synthesis Settings
  4. Parallel Compilation
  5. Analysis & Synthesis Source Files Read
  6. Analysis & Synthesis Resource Usage Summary
  7. Analysis & Synthesis Resource Utilization by Entity
  8. State Machine - |VGA_tb|vga_driver:draw|v_state
  9. State Machine - |VGA_tb|vga_driver:draw|h_state
 10. Registers Removed During Synthesis
 11. Removed Registers Triggering Further Register Optimizations
 12. General Register Statistics
 13. Multiplexer Restructuring Statistics (Restructuring Performed)
 14. Parameter Settings for User Entity Instance: PLL:pllmanger
 15. Parameter Settings for User Entity Instance: vga_driver:draw
 16. Port Connectivity Checks: "vga_driver:draw"
 17. Post-Synthesis Netlist Statistics for Top Partition
 18. Elapsed Time Per Partition
 19. Analysis & Synthesis Messages



----------------
; Legal Notice ;
----------------
Copyright (C) 2020  Intel Corporation. All rights reserved.
Your use of Intel Corporation's design tools, logic functions 
and other software and tools, and any partner logic 
functions, and any output files from any of the foregoing 
(including device programming or simulation files), and any 
associated documentation or information are expressly subject 
to the terms and conditions of the Intel Program License 
Subscription Agreement, the Intel Quartus Prime License Agreement,
the Intel FPGA IP License Agreement, or other applicable license
agreement, including, without limitation, that your use is for
the sole purpose of programming logic devices manufactured by
Intel and sold by Intel or its authorized distributors.  Please
refer to the applicable agreement for further details, at
https://fpgasoftware.intel.com/eula.



+-------------------------------------------------------------------------------+
; Analysis & Synthesis Summary                                                  ;
+---------------------------------+---------------------------------------------+
; Analysis & Synthesis Status     ; Successful - Sat Apr 13 08:35:40 2024       ;
; Quartus Prime Version           ; 20.1.1 Build 720 11/11/2020 SJ Lite Edition ;
; Revision Name                   ; VGA                                         ;
; Top-level Entity Name           ; VGA_tb                                      ;
; Family                          ; Cyclone V                                   ;
; Logic utilization (in ALMs)     ; N/A                                         ;
; Total registers                 ; 0                                           ;
; Total pins                      ; 30                                          ;
; Total virtual pins              ; 0                                           ;
; Total block memory bits         ; 0                                           ;
; Total DSP Blocks                ; 0                                           ;
; Total HSSI RX PCSs              ; 0                                           ;
; Total HSSI PMA RX Deserializers ; 0                                           ;
; Total HSSI TX PCSs              ; 0                                           ;
; Total HSSI PMA TX Serializers   ; 0                                           ;
; Total PLLs                      ; 0                                           ;
; Total DLLs                      ; 0                                           ;
+---------------------------------+---------------------------------------------+


+---------------------------------------------------------------------------------------------------------------------------+
; Analysis & Synthesis Settings                                                                                             ;
+---------------------------------------------------------------------------------+--------------------+--------------------+
; Option                                                                          ; Setting            ; Default Value      ;
+---------------------------------------------------------------------------------+--------------------+--------------------+
; Device                                                                          ; 5CSEMA5F31C6       ;                    ;
; Top-level entity name                                                           ; VGA_tb             ; VGA                ;
; Family name                                                                     ; Cyclone V          ; Cyclone V          ;
; Use smart compilation                                                           ; Off                ; Off                ;
; Enable parallel Assembler and Timing Analyzer during compilation                ; On                 ; On                 ;
; Enable compact report table                                                     ; Off                ; Off                ;
; Restructure Multiplexers                                                        ; Auto               ; Auto               ;
; MLAB Add Timing Constraints For Mixed-Port Feed-Through Mode Setting Don't Care ; Off                ; Off                ;
; Create Debugging Nodes for IP Cores                                             ; Off                ; Off                ;
; Preserve fewer node names                                                       ; On                 ; On                 ;
; Intel FPGA IP Evaluation Mode                                                   ; Enable             ; Enable             ;
; Verilog Version                                                                 ; Verilog_2001       ; Verilog_2001       ;
; VHDL Version                                                                    ; VHDL_1993          ; VHDL_1993          ;
; State Machine Processing                                                        ; Auto               ; Auto               ;
; Safe State Machine                                                              ; Off                ; Off                ;
; Extract Verilog State Machines                                                  ; On                 ; On                 ;
; Extract VHDL State Machines                                                     ; On                 ; On                 ;
; Ignore Verilog initial constructs                                               ; Off                ; Off                ;
; Iteration limit for constant Verilog loops                                      ; 5000               ; 5000               ;
; Iteration limit for non-constant Verilog loops                                  ; 250                ; 250                ;
; Add Pass-Through Logic to Inferred RAMs                                         ; On                 ; On                 ;
; Infer RAMs from Raw Logic                                                       ; On                 ; On                 ;
; Parallel Synthesis                                                              ; On                 ; On                 ;
; DSP Block Balancing                                                             ; Auto               ; Auto               ;
; NOT Gate Push-Back                                                              ; On                 ; On                 ;
; Power-Up Don't Care                                                             ; On                 ; On                 ;
; Remove Redundant Logic Cells                                                    ; Off                ; Off                ;
; Remove Duplicate Registers                                                      ; On                 ; On                 ;
; Ignore CARRY Buffers                                                            ; Off                ; Off                ;
; Ignore CASCADE Buffers                                                          ; Off                ; Off                ;
; Ignore GLOBAL Buffers                                                           ; Off                ; Off                ;
; Ignore ROW GLOBAL Buffers                                                       ; Off                ; Off                ;
; Ignore LCELL Buffers                                                            ; Off                ; Off                ;
; Ignore SOFT Buffers                                                             ; On                 ; On                 ;
; Limit AHDL Integers to 32 Bits                                                  ; Off                ; Off                ;
; Optimization Technique                                                          ; Balanced           ; Balanced           ;
; Carry Chain Length                                                              ; 70                 ; 70                 ;
; Auto Carry Chains                                                               ; On                 ; On                 ;
; Auto Open-Drain Pins                                                            ; On                 ; On                 ;
; Perform WYSIWYG Primitive Resynthesis                                           ; Off                ; Off                ;
; Auto ROM Replacement                                                            ; On                 ; On                 ;
; Auto RAM Replacement                                                            ; On                 ; On                 ;
; Auto DSP Block Replacement                                                      ; On                 ; On                 ;
; Auto Shift Register Replacement                                                 ; Auto               ; Auto               ;
; Allow Shift Register Merging across Hierarchies                                 ; Auto               ; Auto               ;
; Auto Clock Enable Replacement                                                   ; On                 ; On                 ;
; Strict RAM Replacement                                                          ; Off                ; Off                ;
; Allow Synchronous Control Signals                                               ; On                 ; On                 ;
; Force Use of Synchronous Clear Signals                                          ; Off                ; Off                ;
; Auto Resource Sharing                                                           ; Off                ; Off                ;
; Allow Any RAM Size For Recognition                                              ; Off                ; Off                ;
; Allow Any ROM Size For Recognition                                              ; Off                ; Off                ;
; Allow Any Shift Register Size For Recognition                                   ; Off                ; Off                ;
; Use LogicLock Constraints during Resource Balancing                             ; On                 ; On                 ;
; Ignore translate_off and synthesis_off directives                               ; Off                ; Off                ;
; Timing-Driven Synthesis                                                         ; On                 ; On                 ;
; Report Parameter Settings                                                       ; On                 ; On                 ;
; Report Source Assignments                                                       ; On                 ; On                 ;
; Report Connectivity Checks                                                      ; On                 ; On                 ;
; Ignore Maximum Fan-Out Assignments                                              ; Off                ; Off                ;
; Synchronization Register Chain Length                                           ; 3                  ; 3                  ;
; Power Optimization During Synthesis                                             ; Normal compilation ; Normal compilation ;
; HDL message level                                                               ; Level2             ; Level2             ;
; Suppress Register Optimization Related Messages                                 ; Off                ; Off                ;
; Number of Removed Registers Reported in Synthesis Report                        ; 5000               ; 5000               ;
; Number of Swept Nodes Reported in Synthesis Report                              ; 5000               ; 5000               ;
; Number of Inverted Registers Reported in Synthesis Report                       ; 100                ; 100                ;
; Clock MUX Protection                                                            ; On                 ; On                 ;
; Auto Gated Clock Conversion                                                     ; Off                ; Off                ;
; Block Design Naming                                                             ; Auto               ; Auto               ;
; SDC constraint protection                                                       ; Off                ; Off                ;
; Synthesis Effort                                                                ; Auto               ; Auto               ;
; Shift Register Replacement - Allow Asynchronous Clear Signal                    ; On                 ; On                 ;
; Pre-Mapping Resynthesis Optimization                                            ; Off                ; Off                ;
; Analysis & Synthesis Message Level                                              ; Medium             ; Medium             ;
; Disable Register Merging Across Hierarchies                                     ; Auto               ; Auto               ;
; Resource Aware Inference For Block RAM                                          ; On                 ; On                 ;
; Automatic Parallel Synthesis                                                    ; On                 ; On                 ;
; Partial Reconfiguration Bitstream ID                                            ; Off                ; Off                ;
+---------------------------------------------------------------------------------+--------------------+--------------------+


+------------------------------------------+
; Parallel Compilation                     ;
+----------------------------+-------------+
; Processors                 ; Number      ;
+----------------------------+-------------+
; Number detected on machine ; 20          ;
; Maximum allowed            ; 14          ;
;                            ;             ;
; Average used               ; 1.00        ;
; Maximum used               ; 1           ;
;                            ;             ;
; Usage by Processor         ; % Time Used ;
;     Processor 1            ; 100.0%      ;
+----------------------------+-------------+


+--------------------------------------------------------------------------------------------------------------------------------------------------------+
; Analysis & Synthesis Source Files Read                                                                                                                 ;
+----------------------------------+-----------------+------------------------------+----------------------------------------------------------+---------+
; File Name with User-Entered Path ; Used in Netlist ; File Type                    ; File Name with Absolute Path                             ; Library ;
+----------------------------------+-----------------+------------------------------+----------------------------------------------------------+---------+
; vga_driver.sv                    ; yes             ; User SystemVerilog HDL File  ; C:/Users/edgar/OneDrive/Documents/Gaby/lab/vga_driver.sv ;         ;
; VGA_tb.sv                        ; yes             ; User SystemVerilog HDL File  ; C:/Users/edgar/OneDrive/Documents/Gaby/lab/VGA_tb.sv     ;         ;
; PLL.sv                           ; yes             ; User SystemVerilog HDL File  ; C:/Users/edgar/OneDrive/Documents/Gaby/lab/PLL.sv        ;         ;
+----------------------------------+-----------------+------------------------------+----------------------------------------------------------+---------+


+-----------------------------------------------------+
; Analysis & Synthesis Resource Usage Summary         ;
+---------------------------------------------+-------+
; Resource                                    ; Usage ;
+---------------------------------------------+-------+
; Estimate of Logic utilization (ALMs needed) ; 0     ;
;                                             ;       ;
; Combinational ALUT usage for logic          ; 0     ;
;     -- 7 input functions                    ; 0     ;
;     -- 6 input functions                    ; 0     ;
;     -- 5 input functions                    ; 0     ;
;     -- 4 input functions                    ; 0     ;
;     -- <=3 input functions                  ; 0     ;
;                                             ;       ;
; Dedicated logic registers                   ; 0     ;
;                                             ;       ;
; I/O pins                                    ; 30    ;
;                                             ;       ;
; Total DSP Blocks                            ; 0     ;
;                                             ;       ;
; Maximum fan-out node                        ; rst   ;
; Maximum fan-out                             ; 1     ;
; Total fan-out                               ; 30    ;
; Average fan-out                             ; 0.50  ;
+---------------------------------------------+-------+


+----------------------------------------------------------------------------------------------------------------------------------------------------------------------------------------+
; Analysis & Synthesis Resource Utilization by Entity                                                                                                                                    ;
+----------------------------+---------------------+---------------------------+-------------------+------------+------+--------------+---------------------+-------------+--------------+
; Compilation Hierarchy Node ; Combinational ALUTs ; Dedicated Logic Registers ; Block Memory Bits ; DSP Blocks ; Pins ; Virtual Pins ; Full Hierarchy Name ; Entity Name ; Library Name ;
+----------------------------+---------------------+---------------------------+-------------------+------------+------+--------------+---------------------+-------------+--------------+
; |VGA_tb                    ; 0 (0)               ; 0 (0)                     ; 0                 ; 0          ; 30   ; 0            ; |VGA_tb             ; VGA_tb      ; work         ;
+----------------------------+---------------------+---------------------------+-------------------+------------+------+--------------+---------------------+-------------+--------------+
Note: For table entries with two numbers listed, the numbers in parentheses indicate the number of resources of the given type used by the specific entity alone. The numbers listed outside of parentheses indicate the total resources of the given type used by the specific entity and all of its sub-entities in the hierarchy.


Encoding Type:  One-Hot
+------------------------------------------------------------------------------------------------------------------------+
; State Machine - |VGA_tb|vga_driver:draw|v_state                                                                        ;
+------------------------+----------------------+-----------------------+-----------------------+------------------------+
; Name                   ; v_state.V_BACK_STATE ; v_state.V_PULSE_STATE ; v_state.V_FRONT_STATE ; v_state.V_ACTIVE_STATE ;
+------------------------+----------------------+-----------------------+-----------------------+------------------------+
; v_state.V_ACTIVE_STATE ; 0                    ; 0                     ; 0                     ; 0                      ;
; v_state.V_FRONT_STATE  ; 0                    ; 0                     ; 1                     ; 1                      ;
; v_state.V_PULSE_STATE  ; 0                    ; 1                     ; 0                     ; 1                      ;
; v_state.V_BACK_STATE   ; 1                    ; 0                     ; 0                     ; 1                      ;
+------------------------+----------------------+-----------------------+-----------------------+------------------------+


Encoding Type:  One-Hot
+------------------------------------------------------------------------------------------------------------------------+
; State Machine - |VGA_tb|vga_driver:draw|h_state                                                                        ;
+------------------------+----------------------+-----------------------+-----------------------+------------------------+
; Name                   ; h_state.H_BACK_STATE ; h_state.H_PULSE_STATE ; h_state.H_FRONT_STATE ; h_state.H_ACTIVE_STATE ;
+------------------------+----------------------+-----------------------+-----------------------+------------------------+
; h_state.H_ACTIVE_STATE ; 0                    ; 0                     ; 0                     ; 0                      ;
; h_state.H_FRONT_STATE  ; 0                    ; 0                     ; 1                     ; 1                      ;
; h_state.H_PULSE_STATE  ; 0                    ; 1                     ; 0                     ; 1                      ;
; h_state.H_BACK_STATE   ; 1                    ; 0                     ; 0                     ; 1                      ;
+------------------------+----------------------+-----------------------+-----------------------+------------------------+


+---------------------------------------------------------------------------------+
; Registers Removed During Synthesis                                              ;
+----------------------------------------+----------------------------------------+
; Register name                          ; Reason for Removal                     ;
+----------------------------------------+----------------------------------------+
; vga_driver:draw|red_reg[0]             ; Stuck at GND due to stuck port data_in ;
; vga_driver:draw|green_reg[0..4]        ; Stuck at GND due to stuck port data_in ;
; vga_driver:draw|blue_reg[0..5]         ; Stuck at GND due to stuck port data_in ;
; vga_driver:draw|red_reg[1..5]          ; Stuck at GND due to stuck port data_in ;
; PLL:pllmanger|clk_out                  ; Stuck at GND due to stuck port clock   ;
; PLL:pllmanger|counter[0..3]            ; Stuck at GND due to stuck port clock   ;
; vga_driver:draw|green_reg[5..7]        ; Stuck at GND due to stuck port clock   ;
; vga_driver:draw|blue_reg[6,7]          ; Stuck at GND due to stuck port clock   ;
; vga_driver:draw|red_reg[6,7]           ; Stuck at GND due to stuck port clock   ;
; vga_driver:draw|vsync_reg              ; Stuck at GND due to stuck port clock   ;
; vga_driver:draw|hysnc_reg              ; Stuck at GND due to stuck port clock   ;
; vga_driver:draw|line_done              ; Stuck at GND due to stuck port clock   ;
; vga_driver:draw|v_counter[0..9]        ; Stuck at GND due to stuck port clock   ;
; vga_driver:draw|h_counter[0..9]        ; Stuck at GND due to stuck port clock   ;
; vga_driver:draw|v_state~5              ; Lost fanout                            ;
; vga_driver:draw|v_state~6              ; Lost fanout                            ;
; vga_driver:draw|v_state~7              ; Lost fanout                            ;
; vga_driver:draw|v_state~8              ; Lost fanout                            ;
; vga_driver:draw|v_state~9              ; Lost fanout                            ;
; vga_driver:draw|v_state~10             ; Lost fanout                            ;
; vga_driver:draw|v_state~11             ; Lost fanout                            ;
; vga_driver:draw|v_state~12             ; Lost fanout                            ;
; vga_driver:draw|v_state.V_ACTIVE_STATE ; Stuck at GND due to stuck port clock   ;
; vga_driver:draw|v_state.V_FRONT_STATE  ; Stuck at GND due to stuck port clock   ;
; vga_driver:draw|v_state.V_PULSE_STATE  ; Stuck at GND due to stuck port clock   ;
; vga_driver:draw|v_state.V_BACK_STATE   ; Stuck at GND due to stuck port clock   ;
; vga_driver:draw|h_state~5              ; Lost fanout                            ;
; vga_driver:draw|h_state~6              ; Lost fanout                            ;
; vga_driver:draw|h_state~7              ; Lost fanout                            ;
; vga_driver:draw|h_state~8              ; Lost fanout                            ;
; vga_driver:draw|h_state~9              ; Lost fanout                            ;
; vga_driver:draw|h_state~10             ; Lost fanout                            ;
; vga_driver:draw|h_state~11             ; Lost fanout                            ;
; vga_driver:draw|h_state~12             ; Lost fanout                            ;
; vga_driver:draw|h_state.H_ACTIVE_STATE ; Stuck at GND due to stuck port clock   ;
; vga_driver:draw|h_state.H_FRONT_STATE  ; Stuck at GND due to stuck port clock   ;
; vga_driver:draw|h_state.H_PULSE_STATE  ; Stuck at GND due to stuck port clock   ;
; vga_driver:draw|h_state.H_BACK_STATE   ; Stuck at GND due to stuck port clock   ;
; Total Number of Removed Registers = 76 ;                                        ;
+----------------------------------------+----------------------------------------+


+----------------------------------------------------------------------------------------------------------------------------------------+
; Removed Registers Triggering Further Register Optimizations                                                                            ;
+-----------------------+-------------------------+--------------------------------------------------------------------------------------+
; Register name         ; Reason for Removal      ; Registers Removed due to This Register                                               ;
+-----------------------+-------------------------+--------------------------------------------------------------------------------------+
; PLL:pllmanger|clk_out ; Stuck at GND            ; vga_driver:draw|green_reg[7], vga_driver:draw|green_reg[6],                          ;
;                       ; due to stuck port clock ; vga_driver:draw|green_reg[5], vga_driver:draw|blue_reg[7],                           ;
;                       ;                         ; vga_driver:draw|blue_reg[6], vga_driver:draw|red_reg[6], vga_driver:draw|red_reg[7], ;
;                       ;                         ; vga_driver:draw|vsync_reg, vga_driver:draw|hysnc_reg, vga_driver:draw|line_done,     ;
;                       ;                         ; vga_driver:draw|v_counter[0], vga_driver:draw|v_counter[1],                          ;
;                       ;                         ; vga_driver:draw|v_counter[2], vga_driver:draw|v_counter[3],                          ;
;                       ;                         ; vga_driver:draw|v_counter[4], vga_driver:draw|v_counter[5],                          ;
;                       ;                         ; vga_driver:draw|v_counter[6], vga_driver:draw|v_counter[7],                          ;
;                       ;                         ; vga_driver:draw|v_counter[8], vga_driver:draw|v_counter[9],                          ;
;                       ;                         ; vga_driver:draw|h_counter[0], vga_driver:draw|h_counter[1],                          ;
;                       ;                         ; vga_driver:draw|h_counter[2], vga_driver:draw|h_counter[3],                          ;
;                       ;                         ; vga_driver:draw|h_counter[4], vga_driver:draw|h_counter[5],                          ;
;                       ;                         ; vga_driver:draw|h_counter[6], vga_driver:draw|h_counter[7],                          ;
;                       ;                         ; vga_driver:draw|h_counter[8], vga_driver:draw|h_counter[9]                           ;
+-----------------------+-------------------------+--------------------------------------------------------------------------------------+


+------------------------------------------------------+
; General Register Statistics                          ;
+----------------------------------------------+-------+
; Statistic                                    ; Value ;
+----------------------------------------------+-------+
; Total registers                              ; 0     ;
; Number of registers using Synchronous Clear  ; 0     ;
; Number of registers using Synchronous Load   ; 0     ;
; Number of registers using Asynchronous Clear ; 0     ;
; Number of registers using Asynchronous Load  ; 0     ;
; Number of registers using Clock Enable       ; 0     ;
; Number of registers using Preset             ; 0     ;
+----------------------------------------------+-------+


+-----------------------------------------------------------------------------------------------------------------------------------------------+
; Multiplexer Restructuring Statistics (Restructuring Performed)                                                                                ;
+--------------------+-----------+---------------+----------------------+------------------------+------------+---------------------------------+
; Multiplexer Inputs ; Bus Width ; Baseline Area ; Area if Restructured ; Saving if Restructured ; Registered ; Example Multiplexer Output      ;
+--------------------+-----------+---------------+----------------------+------------------------+------------+---------------------------------+
; 5:1                ; 3 bits    ; 9 LEs         ; 9 LEs                ; 0 LEs                  ; No         ; |VGA_tb|vga_driver:draw|v_state ;
; 5:1                ; 3 bits    ; 9 LEs         ; 9 LEs                ; 0 LEs                  ; No         ; |VGA_tb|vga_driver:draw|h_state ;
+--------------------+-----------+---------------+----------------------+------------------------+------------+---------------------------------+


+------------------------------------------------------------+
; Parameter Settings for User Entity Instance: PLL:pllmanger ;
+----------------+-------+-----------------------------------+
; Parameter Name ; Value ; Type                              ;
+----------------+-------+-----------------------------------+
; N              ; 4     ; Signed Integer                    ;
+----------------+-------+-----------------------------------+
Note: In order to hide this table in the UI and the text report file, please set the "Show Parameter Settings in Synthesis Report" option in "Analysis and Synthesis Settings -> More Settings" to "Off".


+--------------------------------------------------------------+
; Parameter Settings for User Entity Instance: vga_driver:draw ;
+----------------+------------+--------------------------------+
; Parameter Name ; Value      ; Type                           ;
+----------------+------------+--------------------------------+
; H_ACTIVE       ; 1001111111 ; Unsigned Binary                ;
; H_FRONT        ; 0000001111 ; Unsigned Binary                ;
; H_PULSE        ; 0001011111 ; Unsigned Binary                ;
; H_BACK         ; 0000101111 ; Unsigned Binary                ;
; V_ACTIVE       ; 0111011111 ; Unsigned Binary                ;
; V_FRONT        ; 0000001001 ; Unsigned Binary                ;
; V_PULSE        ; 0000000001 ; Unsigned Binary                ;
; V_BACK         ; 0000100000 ; Unsigned Binary                ;
; LOW            ; 0          ; Unsigned Binary                ;
; HIGH           ; 1          ; Unsigned Binary                ;
; H_ACTIVE_STATE ; 00000000   ; Unsigned Binary                ;
; H_FRONT_STATE  ; 00000001   ; Unsigned Binary                ;
; H_PULSE_STATE  ; 00000010   ; Unsigned Binary                ;
; H_BACK_STATE   ; 00000011   ; Unsigned Binary                ;
; V_ACTIVE_STATE ; 00000000   ; Unsigned Binary                ;
; V_FRONT_STATE  ; 00000001   ; Unsigned Binary                ;
; V_PULSE_STATE  ; 00000010   ; Unsigned Binary                ;
; V_BACK_STATE   ; 00000011   ; Unsigned Binary                ;
+----------------+------------+--------------------------------+
Note: In order to hide this table in the UI and the text report file, please set the "Show Parameter Settings in Synthesis Report" option in "Analysis and Synthesis Settings -> More Settings" to "Off".


+-------------------------------------------------------------------------------------------------------------------------------------------------------------------------------------------------------------------------+
; Port Connectivity Checks: "vga_driver:draw"                                                                                                                                                                             ;
+----------------+--------+----------+------------------------------------------------------------------------------------------------------------------------------------------------------------------------------------+
; Port           ; Type   ; Severity ; Details                                                                                                                                                                            ;
+----------------+--------+----------+------------------------------------------------------------------------------------------------------------------------------------------------------------------------------------+
; color_in       ; Input  ; Warning  ; Input port expression (32 bits) is wider than the input port (8 bits) it drives.  The 24 most-significant bit(s) in the expression will be dangling if they have no other fanouts. ;
; color_in[7..6] ; Input  ; Info     ; Stuck at VCC                                                                                                                                                                       ;
; color_in[5..0] ; Input  ; Info     ; Stuck at GND                                                                                                                                                                       ;
; next_x         ; Output ; Warning  ; Output or bidir port (10 bits) is wider than the port expression (1 bits) it drives; bit(s) "next_x[9..1]" have no fanouts                                                         ;
; next_x         ; Output ; Info     ; Connected to dangling logic. Logic that only feeds a dangling port will be removed.                                                                                                ;
; next_y         ; Output ; Warning  ; Output or bidir port (10 bits) is wider than the port expression (1 bits) it drives; bit(s) "next_y[9..1]" have no fanouts                                                         ;
; next_y         ; Output ; Info     ; Connected to dangling logic. Logic that only feeds a dangling port will be removed.                                                                                                ;
; blank          ; Output ; Info     ; Connected to dangling logic. Logic that only feeds a dangling port will be removed.                                                                                                ;
+----------------+--------+----------+------------------------------------------------------------------------------------------------------------------------------------------------------------------------------------+


+-----------------------------------------------------+
; Post-Synthesis Netlist Statistics for Top Partition ;
+-----------------------+-----------------------------+
; Type                  ; Count                       ;
+-----------------------+-----------------------------+
; arriav_lcell_comb     ; 1                           ;
;     normal            ; 1                           ;
;         0 data inputs ; 1                           ;
; boundary_port         ; 30                          ;
;                       ;                             ;
; Max LUT depth         ; 0.00                        ;
; Average LUT depth     ; 0.00                        ;
+-----------------------+-----------------------------+


+-------------------------------+
; Elapsed Time Per Partition    ;
+----------------+--------------+
; Partition Name ; Elapsed Time ;
+----------------+--------------+
; Top            ; 00:00:00     ;
+----------------+--------------+


+-------------------------------+
; Analysis & Synthesis Messages ;
+-------------------------------+
Info: *******************************************************************
Info: Running Quartus Prime Analysis & Synthesis
    Info: Version 20.1.1 Build 720 11/11/2020 SJ Lite Edition
    Info: Processing started: Sat Apr 13 08:35:30 2024
Info: Command: quartus_map --read_settings_files=on --write_settings_files=off VGAController -c VGA
Warning (18236): Number of processors has not been specified which may cause overloading on shared machines.  Set the global assignment NUM_PARALLEL_PROCESSORS in your QSF to an appropriate value for best performance.
Info (20030): Parallel compilation is enabled and will use 14 of the 14 processors detected
Info (12021): Found 1 design units, including 1 entities, in source file vga_driver.sv
    Info (12023): Found entity 1: vga_driver File: C:/Users/edgar/OneDrive/Documents/Gaby/lab/vga_driver.sv Line: 1
Info (12021): Found 1 design units, including 1 entities, in source file vga_tb.sv
    Info (12023): Found entity 1: VGA_tb File: C:/Users/edgar/OneDrive/Documents/Gaby/lab/VGA_tb.sv Line: 1
Info (12021): Found 1 design units, including 1 entities, in source file pll.sv
    Info (12023): Found entity 1: PLL File: C:/Users/edgar/OneDrive/Documents/Gaby/lab/PLL.sv Line: 1
Info (12021): Found 1 design units, including 1 entities, in source file pll2.v
    Info (12023): Found entity 1: PLL2 File: C:/Users/edgar/OneDrive/Documents/Gaby/lab/PLL2.v Line: 8
Info (12021): Found 1 design units, including 1 entities, in source file pll2/pll2_0002.v
    Info (12023): Found entity 1: PLL2_0002 File: C:/Users/edgar/OneDrive/Documents/Gaby/lab/PLL2/PLL2_0002.v Line: 2
Warning (10236): Verilog HDL Implicit Net warning at VGA_tb.sv(22): created implicit net for "vga_pll" File: C:/Users/edgar/OneDrive/Documents/Gaby/lab/VGA_tb.sv Line: 22
Warning (10236): Verilog HDL Implicit Net warning at VGA_tb.sv(24): created implicit net for "btn_prev" File: C:/Users/edgar/OneDrive/Documents/Gaby/lab/VGA_tb.sv Line: 24
Warning (10236): Verilog HDL Implicit Net warning at VGA_tb.sv(26): created implicit net for "next_x" File: C:/Users/edgar/OneDrive/Documents/Gaby/lab/VGA_tb.sv Line: 26
Warning (10236): Verilog HDL Implicit Net warning at VGA_tb.sv(27): created implicit net for "next_y" File: C:/Users/edgar/OneDrive/Documents/Gaby/lab/VGA_tb.sv Line: 27
Warning (10236): Verilog HDL Implicit Net warning at VGA_tb.sv(35): created implicit net for "VGA_BLANK_N" File: C:/Users/edgar/OneDrive/Documents/Gaby/lab/VGA_tb.sv Line: 35
Info (12127): Elaborating entity "VGA_tb" for the top level hierarchy
Warning (10755): Verilog HDL warning at VGA_tb.sv(7): assignments to clk create a combinational loop File: C:/Users/edgar/OneDrive/Documents/Gaby/lab/VGA_tb.sv Line: 7
Warning (10034): Output port "VGA_BKANK_N" at VGA_tb.sv(2) has no driver File: C:/Users/edgar/OneDrive/Documents/Gaby/lab/VGA_tb.sv Line: 2
Info (12128): Elaborating entity "PLL" for hierarchy "PLL:pllmanger" File: C:/Users/edgar/OneDrive/Documents/Gaby/lab/VGA_tb.sv Line: 22
Warning (10230): Verilog HDL assignment warning at PLL.sv(15): truncated value with size 32 to match size of target (4) File: C:/Users/edgar/OneDrive/Documents/Gaby/lab/PLL.sv Line: 15
Info (12128): Elaborating entity "vga_driver" for hierarchy "vga_driver:draw" File: C:/Users/edgar/OneDrive/Documents/Gaby/lab/VGA_tb.sv Line: 36
Warning (12011): Net is missing source, defaulting to GND
    Warning (12110): Net "clk" is missing source, defaulting to GND File: C:/Users/edgar/OneDrive/Documents/Gaby/lab/VGA_tb.sv Line: 4
Warning (12241): 1 hierarchies have connectivity warnings - see the Connectivity Checks report folder
Warning (13024): Output pins are stuck at VCC or GND
    Warning (13410): Pin "VGA_G[0]" is stuck at GND File: C:/Users/edgar/OneDrive/Documents/Gaby/lab/VGA_tb.sv Line: 1
    Warning (13410): Pin "VGA_G[1]" is stuck at GND File: C:/Users/edgar/OneDrive/Documents/Gaby/lab/VGA_tb.sv Line: 1
    Warning (13410): Pin "VGA_G[2]" is stuck at GND File: C:/Users/edgar/OneDrive/Documents/Gaby/lab/VGA_tb.sv Line: 1
    Warning (13410): Pin "VGA_G[3]" is stuck at GND File: C:/Users/edgar/OneDrive/Documents/Gaby/lab/VGA_tb.sv Line: 1
    Warning (13410): Pin "VGA_G[4]" is stuck at GND File: C:/Users/edgar/OneDrive/Documents/Gaby/lab/VGA_tb.sv Line: 1
    Warning (13410): Pin "VGA_G[5]" is stuck at GND File: C:/Users/edgar/OneDrive/Documents/Gaby/lab/VGA_tb.sv Line: 1
    Warning (13410): Pin "VGA_G[6]" is stuck at GND File: C:/Users/edgar/OneDrive/Documents/Gaby/lab/VGA_tb.sv Line: 1
    Warning (13410): Pin "VGA_G[7]" is stuck at GND File: C:/Users/edgar/OneDrive/Documents/Gaby/lab/VGA_tb.sv Line: 1
    Warning (13410): Pin "VGA_R[0]" is stuck at GND File: C:/Users/edgar/OneDrive/Documents/Gaby/lab/VGA_tb.sv Line: 1
    Warning (13410): Pin "VGA_R[1]" is stuck at GND File: C:/Users/edgar/OneDrive/Documents/Gaby/lab/VGA_tb.sv Line: 1
    Warning (13410): Pin "VGA_R[2]" is stuck at GND File: C:/Users/edgar/OneDrive/Documents/Gaby/lab/VGA_tb.sv Line: 1
    Warning (13410): Pin "VGA_R[3]" is stuck at GND File: C:/Users/edgar/OneDrive/Documents/Gaby/lab/VGA_tb.sv Line: 1
    Warning (13410): Pin "VGA_R[4]" is stuck at GND File: C:/Users/edgar/OneDrive/Documents/Gaby/lab/VGA_tb.sv Line: 1
    Warning (13410): Pin "VGA_R[5]" is stuck at GND File: C:/Users/edgar/OneDrive/Documents/Gaby/lab/VGA_tb.sv Line: 1
    Warning (13410): Pin "VGA_R[6]" is stuck at GND File: C:/Users/edgar/OneDrive/Documents/Gaby/lab/VGA_tb.sv Line: 1
    Warning (13410): Pin "VGA_R[7]" is stuck at GND File: C:/Users/edgar/OneDrive/Documents/Gaby/lab/VGA_tb.sv Line: 1
    Warning (13410): Pin "VGA_B[0]" is stuck at GND File: C:/Users/edgar/OneDrive/Documents/Gaby/lab/VGA_tb.sv Line: 1
    Warning (13410): Pin "VGA_B[1]" is stuck at GND File: C:/Users/edgar/OneDrive/Documents/Gaby/lab/VGA_tb.sv Line: 1
    Warning (13410): Pin "VGA_B[2]" is stuck at GND File: C:/Users/edgar/OneDrive/Documents/Gaby/lab/VGA_tb.sv Line: 1
    Warning (13410): Pin "VGA_B[3]" is stuck at GND File: C:/Users/edgar/OneDrive/Documents/Gaby/lab/VGA_tb.sv Line: 1
    Warning (13410): Pin "VGA_B[4]" is stuck at GND File: C:/Users/edgar/OneDrive/Documents/Gaby/lab/VGA_tb.sv Line: 1
    Warning (13410): Pin "VGA_B[5]" is stuck at GND File: C:/Users/edgar/OneDrive/Documents/Gaby/lab/VGA_tb.sv Line: 1
    Warning (13410): Pin "VGA_B[6]" is stuck at GND File: C:/Users/edgar/OneDrive/Documents/Gaby/lab/VGA_tb.sv Line: 1
    Warning (13410): Pin "VGA_B[7]" is stuck at GND File: C:/Users/edgar/OneDrive/Documents/Gaby/lab/VGA_tb.sv Line: 1
    Warning (13410): Pin "VGA_HS" is stuck at GND File: C:/Users/edgar/OneDrive/Documents/Gaby/lab/VGA_tb.sv Line: 1
    Warning (13410): Pin "VGA_VS" is stuck at GND File: C:/Users/edgar/OneDrive/Documents/Gaby/lab/VGA_tb.sv Line: 1
    Warning (13410): Pin "VGA_SYNC_N" is stuck at GND File: C:/Users/edgar/OneDrive/Documents/Gaby/lab/VGA_tb.sv Line: 1
    Warning (13410): Pin "VGA_CLK" is stuck at GND File: C:/Users/edgar/OneDrive/Documents/Gaby/lab/VGA_tb.sv Line: 1
    Warning (13410): Pin "VGA_BKANK_N" is stuck at GND File: C:/Users/edgar/OneDrive/Documents/Gaby/lab/VGA_tb.sv Line: 2
Info (17049): 16 registers lost all their fanouts during netlist optimizations.
Warning (20013): Ignored 16 assignments for entity "PLL2" -- entity does not exist in design
    Warning (20014): Assignment for entity set_global_assignment -name IP_TOOL_NAME altera_pll -entity PLL2 -sip PLL2.sip -library lib_PLL2 was ignored
    Warning (20014): Assignment for entity set_global_assignment -name IP_TOOL_VERSION 20.1 -entity PLL2 -sip PLL2.sip -library lib_PLL2 was ignored
    Warning (20014): Assignment for entity set_global_assignment -name IP_TOOL_ENV mwpim -entity PLL2 -sip PLL2.sip -library lib_PLL2 was ignored
Warning (20013): Ignored 317 assignments for entity "PLL2_0002" -- entity does not exist in design
Info (16010): Generating hard_block partition "hard_block:auto_generated_inst"
    Info (16011): Adding 0 node(s), including 0 DDIO, 0 PLL, 0 transceiver and 0 LCELL
Warning (21074): Design contains 1 input pin(s) that do not drive logic
    Warning (15610): No output dependent on input pin "rst" File: C:/Users/edgar/OneDrive/Documents/Gaby/lab/VGA_tb.sv Line: 1
Info (21057): Implemented 30 device resources after synthesis - the final resource count might be different
    Info (21058): Implemented 1 input pins
    Info (21059): Implemented 29 output pins
Info: Quartus Prime Analysis & Synthesis was successful. 0 errors, 49 warnings
    Info: Peak virtual memory: 4801 megabytes
    Info: Processing ended: Sat Apr 13 08:35:40 2024
    Info: Elapsed time: 00:00:10
    Info: Total CPU time (on all processors): 00:00:08


